WARNING:tensorflow:From /mnt/ssd2/ryo/DeepSwitching/utils/tb_logger.py:37: The name tf.summary.FileWriter is deprecated. Please use tf.compat.v1.summary.FileWriter instead.

WARNING:tensorflow:From /mnt/ssd2/ryo/DeepSwitching/utils/tb_logger.py:42: The name tf.Summary is deprecated. Please use tf.compat.v1.Summary instead.

Training: iter      0    time 6.19    loss 0.1627 acc 0.5588
Training: iter      1    time 4.41    loss 0.1496 acc 0.0294
Training: iter      2    time 4.42    loss 0.1359 acc 1.0000
Training: iter      3    time 4.40    loss 0.1326 acc 0.2647
Training: iter      4    time 4.41    loss 0.1146 acc 1.0000
Training: iter      5    time 4.42    loss 0.1281 acc 0.4706
Training: iter      6    time 4.44    loss 0.1295 acc 0.1765
Training: iter      7    time 4.43    loss 0.1251 acc 0.2353
Training: iter      8    time 4.44    loss 0.1251 acc 0.1765
Training: iter      9    time 4.43    loss 0.1303 acc 0.5294
Training: iter     10    time 4.40    loss 0.1056 acc 0.2941
Training: iter     11    time 4.45    loss 0.0832 acc 1.0000
Training: iter     12    time 4.47    loss 0.1177 acc 0.2059
Training: iter     13    time 4.49    loss 0.1296 acc 0.2059
Training: iter     14    time 4.47    loss 0.1212 acc 0.0294
Training: iter     15    time 4.47    loss 0.1261 acc 0.0294
Training: iter     16    time 4.44    loss 0.0617 acc 1.0000
Training: iter     17    time 4.44    loss 0.1429 acc 0.0000
Training: iter     18    time 4.39    loss 0.0955 acc 0.4412
Training: iter     19    time 4.41    loss 0.1252 acc 0.2353
Training: iter     20    time 4.33    loss 0.0676 acc 1.0000
Training: iter     21    time 4.41    loss 0.1160 acc 0.3824
Training: iter     22    time 4.41    loss 0.1066 acc 0.5000
Training: iter     23    time 4.54    loss 0.1187 acc 0.4118
Training: iter     24    time 4.46    loss 0.1359 acc 0.0588
Training: iter     25    time 4.44    loss 0.1186 acc 0.3824
Training: iter     26    time 4.45    loss 0.1145 acc 0.5294
Training: iter     27    time 4.46    loss 0.1519 acc 0.0882
Training: iter     28    time 4.49    loss 0.1035 acc 0.5294
Training: iter     29    time 4.51    loss 0.1980 acc 0.0000
Training: iter     30    time 4.42    loss 0.1118 acc 0.3235
Training: iter     31    time 4.49    loss 0.0616 acc 1.0000
Training: iter     32    time 4.46    loss 0.1304 acc 1.0000
Training: iter     33    time 4.45    loss 0.1279 acc 0.2647
Training: iter     34    time 4.46    loss 0.1341 acc 0.0588
Training: iter     35    time 4.41    loss 0.1219 acc 0.6176
Training: iter     36    time 4.52    loss 0.0501 acc 1.0000
Training: iter     37    time 4.47    loss 0.1062 acc 0.2647
Training: iter     38    time 4.44    loss 0.0499 acc 1.0000
Training: iter     39    time 4.45    loss 0.1323 acc 0.5588
Training: iter     40    time 4.45    loss 0.1159 acc 0.3235
Training: iter     41    time 4.48    loss 0.0681 acc 1.0000
Training: iter     42    time 4.51    loss 0.1490 acc 0.0588
Training: iter     43    time 4.41    loss 0.0444 acc 1.0000
Training: iter     44    time 4.42    loss 0.1128 acc 0.5000
Training: iter     45    time 4.46    loss 0.0533 acc 1.0000
Training: iter     46    time 4.47    loss 0.1248 acc 0.2941
Training: iter     47    time 4.49    loss 0.1330 acc 0.1176
Training: iter     48    time 4.44    loss 0.1299 acc 0.0000
Training: iter     49    time 4.41    loss 0.0870 acc 0.9412
Training: iter     50    time 4.53    loss 0.1212 acc 0.3235
Training: iter     51    time 4.46    loss 0.1236 acc 0.0294
Training: iter     52    time 4.42    loss 0.1192 acc 0.4706
Training: iter     53    time 4.42    loss 0.0843 acc 0.5588
Training: iter     54    time 4.43    loss 0.1643 acc 0.0000
Training: iter     55    time 4.44    loss 0.0610 acc 1.0000
Training: iter     56    time 4.49    loss 0.1182 acc 0.4412
Training: iter     57    time 4.44    loss 0.2046 acc 0.0000
Training: iter     58    time 4.21    loss 0.1023 acc 0.1471
Training: iter     59    time 4.51    loss 0.1077 acc 0.6471
Training: iter     60    time 4.47    loss 0.0762 acc 1.0000
Training: iter     61    time 4.28    loss 0.1296 acc 0.0000
Training: iter     62    time 4.45    loss 0.0633 acc 1.0000
Training: iter     63    time 4.45    loss 0.1778 acc 0.0000
Training: iter     64    time 4.40    loss 0.0964 acc 0.9118
Training: iter     65    time 4.51    loss 0.1251 acc 0.0000
Training: iter     66    time 4.46    loss 0.0956 acc 0.3824
Training: iter     67    time 3.87    loss 0.1091 acc 0.4706
Training: iter     68    time 4.50    loss 0.1093 acc 0.7353
Training: iter     69    time 4.31    loss 0.0860 acc 1.0000
Training: iter     70    time 4.52    loss 0.1248 acc 0.0294
Training: iter     71    time 4.50    loss 0.1087 acc 0.5588
Training: iter     72    time 4.47    loss 0.1224 acc 0.1176
Training: iter     73    time 4.56    loss 0.1172 acc 0.3529
Training: iter     74    time 4.45    loss 0.1065 acc 0.4706
Training: iter     75    time 4.50    loss 0.1076 acc 0.2647
Training: iter     76    time 4.42    loss 0.1233 acc 0.2059
Training: iter     77    time 4.49    loss 0.0837 acc 0.7941
Training: iter     78    time 4.46    loss 0.1111 acc 0.5000
Training: iter     79    time 4.44    loss 0.1144 acc 0.7353
Training: iter     80    time 4.27    loss 0.1687 acc 0.0000
Training: iter     81    time 4.45    loss 0.0618 acc 1.0000
Training: iter     82    time 4.46    loss 0.1100 acc 0.1471
Training: iter     83    time 4.44    loss 0.1092 acc 0.3824
Training: iter     84    time 4.46    loss 0.1060 acc 0.4118
Training: iter     85    time 4.43    loss 0.1119 acc 0.3529
Training: iter     86    time 4.53    loss 0.2552 acc 0.0000
Training: iter     87    time 4.54    loss 0.1074 acc 0.1176
Training: iter     88    time 4.53    loss 0.1481 acc 0.1176
Training: iter     89    time 4.55    loss 0.0433 acc 1.0000
Training: iter     90    time 4.47    loss 0.1070 acc 0.4706
Training: iter     91    time 4.55    loss 0.1122 acc 0.5000
Training: iter     92    time 4.33    loss 0.1114 acc 0.5000
Training: iter     93    time 4.47    loss 0.1283 acc 0.0882
Training: iter     94    time 4.45    loss 0.1171 acc 0.2941
Training: iter     95    time 4.49    loss 0.0726 acc 1.0000
Training: iter     96    time 4.32    loss 0.0506 acc 1.0000
Training: iter     97    time 4.48    loss 0.1374 acc 0.0588
Training: iter     98    time 4.48    loss 0.0917 acc 0.6176
Training: iter     99    time 4.47    loss 0.1098 acc 0.2941
Training: iter    100    time 4.98    loss 0.0738 acc 1.0000
Training: iter    101    time 4.50    loss 0.1820 acc 0.0000
Training: iter    102    time 4.49    loss 0.1471 acc 0.0882
Training: iter    103    time 4.46    loss 0.0963 acc 0.9118
Training: iter    104    time 4.45    loss 0.0728 acc 0.8235
Training: iter    105    time 4.46    loss 0.0786 acc 0.9412
Training: iter    106    time 4.45    loss 0.1170 acc 0.7647
Training: iter    107    time 4.48    loss 0.1300 acc 0.0000
Training: iter    108    time 4.48    loss 0.0599 acc 1.0000
Training: iter    109    time 4.50    loss 0.1140 acc 0.3529
Training: iter    110    time 4.40    loss 0.0921 acc 0.9412
Training: iter    111    time 4.45    loss 0.0799 acc 0.8824
Training: iter    112    time 4.50    loss 0.0919 acc 0.5882
Training: iter    113    time 4.37    loss 0.1168 acc 0.2941
Training: iter    114    time 4.50    loss 0.1041 acc 0.5294
Training: iter    115    time 4.55    loss 0.1586 acc 0.0588
Training: iter    116    time 4.37    loss 0.1267 acc 0.4706
Training: iter    117    time 4.48    loss 0.0520 acc 1.0000
Training: iter    118    time 4.48    loss 0.1113 acc 0.4412
Training: iter    119    time 4.37    loss 0.1295 acc 0.0000
Training: iter    120    time 4.45    loss 0.0625 acc 1.0000
Training: iter    121    time 4.49    loss 0.0927 acc 0.2059
Training: iter    122    time 4.47    loss 0.1469 acc 0.0000
Training: iter    123    time 4.49    loss 0.0758 acc 0.9706
Training: iter    124    time 4.43    loss 0.0516 acc 1.0000
Training: iter    125    time 4.49    loss 0.1345 acc 0.0294
Training: iter    126    time 4.33    loss 0.0924 acc 0.6765
Training: iter    127    time 4.46    loss 0.1130 acc 0.5588
Training: iter    128    time 4.52    loss 0.0976 acc 0.4706
Training: iter    129    time 4.45    loss 0.0538 acc 1.0000
Training: iter    130    time 4.48    loss 0.0995 acc 0.3824
Training: iter    131    time 4.47    loss 0.0744 acc 0.7647
Training: iter    132    time 4.51    loss 0.1160 acc 0.5882
Training: iter    133    time 4.46    loss 0.1157 acc 0.1765
Training: iter    134    time 4.47    loss 0.0897 acc 0.7941
Training: iter    135    time 4.47    loss 0.1354 acc 0.0588
Training: iter    136    time 4.42    loss 0.0494 acc 1.0000
Training: iter    137    time 4.46    loss 0.1757 acc 0.4412
Training: iter    138    time 4.47    loss 0.1053 acc 0.3824
Training: iter    139    time 4.61    loss 0.1209 acc 0.1471
Training: iter    140    time 4.48    loss 0.0683 acc 0.7647
Training: iter    141    time 4.51    loss 0.1890 acc 0.0000
Training: iter    142    time 4.55    loss 0.0916 acc 0.8235
Training: iter    143    time 4.46    loss 0.1144 acc 0.3529
Training: iter    144    time 4.53    loss 0.1319 acc 0.0588
Training: iter    145    time 4.50    loss 0.1252 acc 0.3824
Training: iter    146    time 4.29    loss 0.1298 acc 0.0000
Training: iter    147    time 4.47    loss 0.2079 acc 0.0000
Training: iter    148    time 4.46    loss 0.0978 acc 0.5000
Training: iter    149    time 4.41    loss 0.0636 acc 1.0000
Training: iter    150    time 4.47    loss 0.0714 acc 1.0000
Training: iter    151    time 4.47    loss 0.1125 acc 0.4118
Training: iter    152    time 4.47    loss 0.1297 acc 0.6765
Training: iter    153    time 4.50    loss 0.0887 acc 0.9412
Training: iter    154    time 4.50    loss 0.1295 acc 0.2353
Training: iter    155    time 4.35    loss 0.0539 acc 1.0000
Training: iter    156    time 4.47    loss 0.0977 acc 0.7647
Training: iter    157    time 4.46    loss 0.0848 acc 0.8235
Training: iter    158    time 4.51    loss 0.1187 acc 0.2647
Training: iter    159    time 4.28    loss 0.1146 acc 0.0882
Training: iter    160    time 4.45    loss 0.0497 acc 1.0000
Training: iter    161    time 4.49    loss 0.0431 acc 1.0000
Training: iter    162    time 4.47    loss 0.1001 acc 0.5294
Training: iter    163    time 4.50    loss 0.1136 acc 0.4118
Training: iter    164    time 4.48    loss 0.0976 acc 0.4706
Training: iter    165    time 4.50    loss 0.1314 acc 0.2941
Training: iter    166    time 4.48    loss 0.0292 acc 1.0000
Training: iter    167    time 3.97    loss 0.0431 acc 1.0000
Training: iter    168    time 4.48    loss 0.0945 acc 0.6765
Training: iter    169    time 4.44    loss 0.0372 acc 1.0000
Training: iter    170    time 4.46    loss 0.0249 acc 1.0000
Training: iter    171    time 4.52    loss 0.0911 acc 0.6765
Training: iter    172    time 4.48    loss 0.1432 acc 0.0294
Training: iter    173    time 4.51    loss 0.0196 acc 1.0000
Training: iter    174    time 4.46    loss 0.1064 acc 0.2941
Training: iter    175    time 4.52    loss 0.0212 acc 1.0000
Training: iter    176    time 4.45    loss 0.0565 acc 0.9118
Training: iter    177    time 4.48    loss 0.1061 acc 0.5000
Training: iter    178    time 4.46    loss 0.1464 acc 0.4706
Training: iter    179    time 4.55    loss 0.1942 acc 0.0882
Training: iter    180    time 4.46    loss 0.2473 acc 0.0000
Training: iter    181    time 4.49    loss 0.2457 acc 0.0000
Training: iter    182    time 4.51    loss 0.0443 acc 1.0000
Training: iter    183    time 4.47    loss 0.0548 acc 1.0000
Training: iter    184    time 4.47    loss 0.0984 acc 0.6176
Training: iter    185    time 4.47    loss 0.1560 acc 0.1176
Training: iter    186    time 4.47    loss 0.1142 acc 0.3824
Training: iter    187    time 4.46    loss 0.0424 acc 1.0000
Training: iter    188    time 4.33    loss 0.1386 acc 0.0294
Training: iter    189    time 4.43    loss 0.1422 acc 0.0000
Training: iter    190    time 4.48    loss 0.0900 acc 0.9118
Training: iter    191    time 4.35    loss 0.0955 acc 0.8824
Training: iter    192    time 4.48    loss 0.1304 acc 0.0000
Training: iter    193    time 4.45    loss 0.0402 acc 1.0000
Training: iter    194    time 4.40    loss 0.1189 acc 0.0294
Training: iter    195    time 4.46    loss 0.1236 acc 0.4706
Training: iter    196    time 4.47    loss 0.1245 acc 0.2353
Training: iter    197    time 4.50    loss 0.0984 acc 0.6765
Training: iter    198    time 4.57    loss 0.0524 acc 1.0000
Training: iter    199    time 4.43    loss 0.1047 acc 0.6176
Training: iter    200    time 4.97    loss 0.1138 acc 0.3824
Training: iter    201    time 4.45    loss 0.1408 acc 0.0882
Training: iter    202    time 4.54    loss 0.0664 acc 0.9706
Training: iter    203    time 4.46    loss 0.1126 acc 0.4412
Training: iter    204    time 4.45    loss 0.1156 acc 0.1765
Training: iter    205    time 4.47    loss 0.0410 acc 1.0000
Training: iter    206    time 4.38    loss 0.1361 acc 0.1765
Training: iter    207    time 4.50    loss 0.1216 acc 0.4412
Training: iter    208    time 4.46    loss 0.0250 acc 1.0000
Training: iter    209    time 4.55    loss 0.1184 acc 0.4706
Training: iter    210    time 4.48    loss 0.1524 acc 0.0000
Training: iter    211    time 4.46    loss 0.0866 acc 0.7353
Training: iter    212    time 4.43    loss 0.1263 acc 0.0294
Training: iter    213    time 4.34    loss 0.1596 acc 0.0588
Training: iter    214    time 4.48    loss 0.2132 acc 0.0000
Training: iter    215    time 4.45    loss 0.0479 acc 1.0000
Training: iter    216    time 4.29    loss 0.0941 acc 0.6765
Training: iter    217    time 4.45    loss 0.0626 acc 1.0000
Training: iter    218    time 4.53    loss 0.0315 acc 1.0000
Training: iter    219    time 4.30    loss 0.1317 acc 0.0588
Training: iter    220    time 4.42    loss 0.1088 acc 0.4706
Training: iter    221    time 4.45    loss 0.0824 acc 0.6765
Training: iter    222    time 4.22    loss 0.1273 acc 0.0588
Training: iter    223    time 4.46    loss 0.1015 acc 0.5588
Training: iter    224    time 4.44    loss 0.0618 acc 0.9118
Training: iter    225    time 4.49    loss 0.1073 acc 0.2647
Training: iter    226    time 4.48    loss 0.0398 acc 1.0000
Training: iter    227    time 4.46    loss 0.0903 acc 0.7059
Training: iter    228    time 4.56    loss 0.1006 acc 0.3529
Training: iter    229    time 4.45    loss 0.0850 acc 0.7059
Training: iter    230    time 4.43    loss 0.0664 acc 0.8824
Training: iter    231    time 4.45    loss 0.0643 acc 1.0000
Training: iter    232    time 4.43    loss 0.0744 acc 1.0000
Training: iter    233    time 4.41    loss 0.1029 acc 0.5882
Training: iter    234    time 4.44    loss 0.1469 acc 0.0294
Training: iter    235    time 4.51    loss 0.0809 acc 0.8824
Training: iter    236    time 4.29    loss 0.0612 acc 0.9706
Training: iter    237    time 4.45    loss 0.0383 acc 1.0000
Training: iter    238    time 4.50    loss 0.0281 acc 1.0000
Training: iter    239    time 4.51    loss 0.0144 acc 1.0000
Training: iter    240    time 4.49    loss 0.1460 acc 0.5588
Training: iter    241    time 4.44    loss 0.1148 acc 0.3529
Training: iter    242    time 4.50    loss 0.1312 acc 0.0000
Training: iter    243    time 4.50    loss 0.1468 acc 0.0882
Training: iter    244    time 4.50    loss 0.1024 acc 0.2059
Training: iter    245    time 4.48    loss 0.0741 acc 0.7353
Training: iter    246    time 4.44    loss 0.0786 acc 0.5000
Training: iter    247    time 4.44    loss 0.1143 acc 0.2353
Training: iter    248    time 4.52    loss 0.0849 acc 0.4706
Training: iter    249    time 4.46    loss 0.1800 acc 0.0294
Training: iter    250    time 4.51    loss 0.0400 acc 1.0000
Training: iter    251    time 4.50    loss 0.1310 acc 0.4706
Training: iter    252    time 4.48    loss 0.0664 acc 0.8235
Training: iter    253    time 4.32    loss 0.1728 acc 0.2059
Training: iter    254    time 4.60    loss 0.0919 acc 0.5000
Training: iter    255    time 4.52    loss 0.1563 acc 0.0294
Training: iter    256    time 4.46    loss 0.0515 acc 1.0000
Training: iter    257    time 4.46    loss 0.0436 acc 1.0000
Training: iter    258    time 4.60    loss 0.0225 acc 1.0000
Training: iter    259    time 4.31    loss 0.1498 acc 0.1176
Training: iter    260    time 4.43    loss 0.0785 acc 0.7941
Training: iter    261    time 4.50    loss 0.0323 acc 1.0000
Training: iter    262    time 4.42    loss 0.0207 acc 1.0000
Training: iter    263    time 4.48    loss 0.1008 acc 0.7059
Training: iter    264    time 4.48    loss 0.0411 acc 1.0000
Training: iter    265    time 4.49    loss 0.0909 acc 0.7647
Training: iter    266    time 4.45    loss 0.1002 acc 0.4118
Training: iter    267    time 4.03    loss 0.1127 acc 0.2353
Training: iter    268    time 4.29    loss 0.1336 acc 0.0882
Training: iter    269    time 4.48    loss 0.1040 acc 0.2941
Training: iter    270    time 4.50    loss 0.1295 acc 0.4706
Training: iter    271    time 4.47    loss 0.1409 acc 0.0294
Training: iter    272    time 4.46    loss 0.0998 acc 0.6471
Training: iter    273    time 4.50    loss 0.0239 acc 1.0000
Training: iter    274    time 4.45    loss 0.2409 acc 0.0000
Training: iter    275    time 4.50    loss 0.0334 acc 1.0000
Training: iter    276    time 4.45    loss 0.1617 acc 0.0294
Training: iter    277    time 4.52    loss 0.0390 acc 1.0000
Training: iter    278    time 4.39    loss 0.1305 acc 0.0588
Training: iter    279    time 4.51    loss 0.1151 acc 0.3824
Training: iter    280    time 4.46    loss 0.0930 acc 0.7059
Training: iter    281    time 4.51    loss 0.1149 acc 0.1765
Training: iter    282    time 4.32    loss 0.1256 acc 0.2059
Training: iter    283    time 4.48    loss 0.1110 acc 0.4412
Training: iter    284    time 4.49    loss 0.1079 acc 0.2647
Training: iter    285    time 4.25    loss 0.1161 acc 0.0000
Training: iter    286    time 4.48    loss 0.0694 acc 0.9118
Training: iter    287    time 4.51    loss 0.0929 acc 0.5000
Training: iter    288    time 4.49    loss 0.0427 acc 1.0000
Training: iter    289    time 4.54    loss 0.0551 acc 0.9706
Training: iter    290    time 4.46    loss 0.1143 acc 0.4412
Training: iter    291    time 4.53    loss 0.1359 acc 0.1471
Training: iter    292    time 4.45    loss 0.0932 acc 0.4118
Training: iter    293    time 4.50    loss 0.1727 acc 0.0588
Training: iter    294    time 4.47    loss 0.0508 acc 1.0000
Training: iter    295    time 4.37    loss 0.1537 acc 0.0000
Training: iter    296    time 4.34    loss 0.1232 acc 0.2647
Training: iter    297    time 4.49    loss 0.0678 acc 0.8529
Training: iter    298    time 4.48    loss 0.0989 acc 0.7353
Training: iter    299    time 4.48    loss 0.0759 acc 0.8529
Training: iter    300    time 5.00    loss 0.0364 acc 1.0000
Training: iter    301    time 4.48    loss 0.1418 acc 0.0882
Training: iter    302    time 4.43    loss 0.0327 acc 1.0000
Training: iter    303    time 4.52    loss 0.1984 acc 0.0000
Training: iter    304    time 4.45    loss 0.0517 acc 1.0000
Training: iter    305    time 4.52    loss 0.1212 acc 0.1765
Training: iter    306    time 4.36    loss 0.0627 acc 1.0000
Training: iter    307    time 4.46    loss 0.1182 acc 0.1176
Training: iter    308    time 4.47    loss 0.0384 acc 1.0000
Training: iter    309    time 4.56    loss 0.0909 acc 0.6471
Training: iter    310    time 4.54    loss 0.0591 acc 1.0000
Training: iter    311    time 4.76    loss 0.1027 acc 0.2059
Training: iter    312    time 4.81    loss 0.0971 acc 0.3235
Training: iter    313    time 6.11    loss 0.1317 acc 0.0000
Training: iter    314    time 6.07    loss 0.1400 acc 0.0000
Training: iter    315    time 6.09    loss 0.1482 acc 0.1765
Training: iter    316    time 6.28    loss 0.1190 acc 0.1471
Training: iter    317    time 6.23    loss 0.0702 acc 0.9706
Training: iter    318    time 6.44    loss 0.0674 acc 0.9412
Training: iter    319    time 6.05    loss 0.1603 acc 0.2059
Training: iter    320    time 6.15    loss 0.0734 acc 0.7941
Training: iter    321    time 6.21    loss 0.0852 acc 0.8529
Training: iter    322    time 6.22    loss 0.0615 acc 0.9118
Training: iter    323    time 6.17    loss 0.1354 acc 0.0294
Training: iter    324    time 6.25    loss 0.1293 acc 0.0882
Training: iter    325    time 6.22    loss 0.1250 acc 0.0882
Training: iter    326    time 6.27    loss 0.1086 acc 0.5000
Training: iter    327    time 6.05    loss 0.1434 acc 0.1471
Training: iter    328    time 6.10    loss 0.1334 acc 0.0588
Training: iter    329    time 6.08    loss 0.1005 acc 0.5882
Training: iter    330    time 6.05    loss 0.1307 acc 0.0000
Training: iter    331    time 6.11    loss 0.0688 acc 0.9412
Training: iter    332    time 6.13    loss 0.0936 acc 0.4706
Training: iter    333    time 6.25    loss 0.1096 acc 0.5294
Training: iter    334    time 6.29    loss 0.0471 acc 1.0000
Training: iter    335    time 6.61    loss 0.0977 acc 0.7353
Training: iter    336    time 6.74    loss 0.1149 acc 0.2059
Training: iter    337    time 6.48    loss 0.2499 acc 0.0000
Training: iter    338    time 6.69    loss 0.0630 acc 0.9118
Training: iter    339    time 6.61    loss 0.0689 acc 0.8235
Training: iter    340    time 6.64    loss 0.0922 acc 0.8235
Training: iter    341    time 6.74    loss 0.1269 acc 0.0882
Training: iter    342    time 6.63    loss 0.0590 acc 1.0000
Training: iter    343    time 3.35    loss 0.1207 acc 0.0294
Training: iter    344    time 3.31    loss 0.0354 acc 1.0000
Training: iter    345    time 6.04    loss 0.1295 acc 0.5000
Training: iter    346    time 6.06    loss 0.1295 acc 0.0000
Training: iter    347    time 6.17    loss 0.0509 acc 1.0000
Training: iter    348    time 6.47    loss 0.1645 acc 0.0000
Training: iter    349    time 6.71    loss 0.0410 acc 1.0000
Training: iter    350    time 6.80    loss 0.1324 acc 0.0294
Training: iter    351    time 6.83    loss 0.0407 acc 1.0000
Training: iter    352    time 6.69    loss 0.0649 acc 1.0000
Training: iter    353    time 5.73    loss 0.1244 acc 0.1471
Training: iter    354    time 5.72    loss 0.0302 acc 1.0000
Training: iter    355    time 5.52    loss 0.1296 acc 0.0000
Training: iter    356    time 5.66    loss 0.0249 acc 1.0000
Training: iter    357    time 5.86    loss 0.1044 acc 0.3529
Training: iter    358    time 5.79    loss 0.0522 acc 0.9412
Training: iter    359    time 5.63    loss 0.0186 acc 1.0000
Training: iter    360    time 5.76    loss 0.0937 acc 0.6471
Training: iter    361    time 5.77    loss 0.1491 acc 0.0882
Training: iter    362    time 5.69    loss 0.1295 acc 0.0000
Training: iter    363    time 5.74    loss 0.0225 acc 1.0000
Training: iter    364    time 5.73    loss 0.1038 acc 0.4706
Training: iter    365    time 5.69    loss 0.1320 acc 0.3235
Training: iter    366    time 5.67    loss 0.0565 acc 0.9412
Training: iter    367    time 5.73    loss 0.0331 acc 1.0000
Training: iter    368    time 5.41    loss 0.1022 acc 0.3235
Training: iter    369    time 5.27    loss 0.1655 acc 0.1471
Training: iter    370    time 5.31    loss 0.0169 acc 1.0000
Training: iter    371    time 5.26    loss 0.1204 acc 0.2353
Training: iter    372    time 5.18    loss 0.1138 acc 0.2941
Training: iter    373    time 5.21    loss 0.0340 acc 1.0000
Training: iter    374    time 5.20    loss 0.0191 acc 1.0000
Training: iter    375    time 5.21    loss 0.1025 acc 0.2353
Training: iter    376    time 5.24    loss 0.0882 acc 0.7059
Training: iter    377    time 5.19    loss 0.1654 acc 0.0000
Training: iter    378    time 5.18    loss 0.1022 acc 0.3235
Training: iter    379    time 5.22    loss 0.1055 acc 0.3824
Training: iter    380    time 5.31    loss 0.1225 acc 0.1765
Training: iter    381    time 5.17    loss 0.1190 acc 0.3529
Training: iter    382    time 5.20    loss 0.0780 acc 0.7353
Training: iter    383    time 5.23    loss 0.0795 acc 0.9118
Training: iter    384    time 5.30    loss 0.0278 acc 1.0000
Training: iter    385    time 5.27    loss 0.0386 acc 0.9412
Training: iter    386    time 5.30    loss 0.0325 acc 1.0000
Training: iter    387    time 5.21    loss 0.0158 acc 1.0000
Training: iter    388    time 5.20    loss 0.1030 acc 0.6765
Training: iter    389    time 5.29    loss 0.1018 acc 0.5588
Training: iter    390    time 5.23    loss 0.0867 acc 0.6471
Training: iter    391    time 5.26    loss 0.0406 acc 1.0000
Training: iter    392    time 5.32    loss 0.1959 acc 0.0000
Training: iter    393    time 5.32    loss 0.0925 acc 0.6765
Training: iter    394    time 5.11    loss 0.1602 acc 0.3235
Training: iter    395    time 5.34    loss 0.1136 acc 0.2647
Training: iter    396    time 5.21    loss 0.0244 acc 1.0000
Training: iter    397    time 5.27    loss 0.1002 acc 0.2647
Training: iter    398    time 5.30    loss 0.1231 acc 0.1176
Training: iter    399    time 5.24    loss 0.0203 acc 1.0000
Training: iter    400    time 5.41    loss 0.0928 acc 0.7353
Training: iter    401    time 4.98    loss 0.0520 acc 1.0000
Training: iter    402    time 5.00    loss 0.0681 acc 1.0000
Training: iter    403    time 4.96    loss 0.1057 acc 0.1176
Training: iter    404    time 5.10    loss 0.0261 acc 1.0000
Training: iter    405    time 5.15    loss 0.0955 acc 0.5294
Training: iter    406    time 5.22    loss 0.0352 acc 1.0000
Training: iter    407    time 5.23    loss 0.0656 acc 0.9118
Training: iter    408    time 5.14    loss 0.0883 acc 0.6471
Training: iter    409    time 5.18    loss 0.0239 acc 1.0000
Training: iter    410    time 5.17    loss 0.1088 acc 0.0588
Training: iter    411    time 5.26    loss 0.0208 acc 1.0000
Training: iter    412    time 5.28    loss 0.0429 acc 0.9412
Training: iter    413    time 5.27    loss 0.1308 acc 0.0000
Training: iter    414    time 5.24    loss 0.0756 acc 0.8824
Training: iter    415    time 5.27    loss 0.1283 acc 0.1471
Training: iter    416    time 5.23    loss 0.0592 acc 0.7059
Training: iter    417    time 5.25    loss 0.0290 acc 1.0000
Training: iter    418    time 5.16    loss 0.0205 acc 1.0000
Training: iter    419    time 5.28    loss 0.0245 acc 1.0000
Training: iter    420    time 5.18    loss 0.1295 acc 0.0000
Training: iter    421    time 5.22    loss 0.1301 acc 0.1471
Training: iter    422    time 5.14    loss 0.1467 acc 0.1765
Training: iter    423    time 5.15    loss 0.3540 acc 0.0000
Training: iter    424    time 5.22    loss 0.1707 acc 0.0882
Training: iter    425    time 5.26    loss 0.1438 acc 0.3824
Training: iter    426    time 5.23    loss 0.0624 acc 0.9706
Training: iter    427    time 5.28    loss 0.0113 acc 1.0000
Training: iter    428    time 5.29    loss 0.1302 acc 1.0000
Training: iter    429    time 5.33    loss 0.1326 acc 0.3824
Training: iter    430    time 5.16    loss 0.1109 acc 0.4412
Training: iter    431    time 5.20    loss 0.1415 acc 0.1765
Training: iter    432    time 5.15    loss 0.2564 acc 0.2059
Training: iter    433    time 5.30    loss 0.0852 acc 0.5882
Training: iter    434    time 5.28    loss 0.0883 acc 0.5000
Training: iter    435    time 5.30    loss 0.1181 acc 0.3235
Training: iter    436    time 5.20    loss 0.0602 acc 1.0000
Training: iter    437    time 5.25    loss 0.0821 acc 0.8529
Training: iter    438    time 5.27    loss 0.0751 acc 0.9706
Training: iter    439    time 5.25    loss 0.1259 acc 0.0882
Training: iter    440    time 5.27    loss 0.0907 acc 0.7059
Training: iter    441    time 5.24    loss 0.1239 acc 0.1176
Training: iter    442    time 5.16    loss 0.0818 acc 0.7941
Training: iter    443    time 5.24    loss 0.0278 acc 1.0000
Training: iter    444    time 5.24    loss 0.1247 acc 0.3529
Training: iter    445    time 5.24    loss 0.0356 acc 1.0000
Training: iter    446    time 5.31    loss 0.1482 acc 0.1471
Training: iter    447    time 5.19    loss 0.1288 acc 0.2353
Training: iter    448    time 5.33    loss 0.1352 acc 0.0294
Training: iter    449    time 5.31    loss 0.0906 acc 0.4706
Training: iter    450    time 5.21    loss 0.1090 acc 0.1471
Training: iter    451    time 5.19    loss 0.0447 acc 1.0000
Training: iter    452    time 5.19    loss 0.1975 acc 0.0000
Training: iter    453    time 5.15    loss 0.1058 acc 0.2059
Training: iter    454    time 5.28    loss 0.0475 acc 0.9706
Training: iter    455    time 5.24    loss 0.1297 acc 1.0000
Training: iter    456    time 5.22    loss 0.0594 acc 0.9118
Training: iter    457    time 5.24    loss 0.0887 acc 0.5882
Training: iter    458    time 5.25    loss 0.0629 acc 0.9706
Training: iter    459    time 5.26    loss 0.0932 acc 0.5294
Training: iter    460    time 5.18    loss 0.0965 acc 0.4706
Training: iter    461    time 5.18    loss 0.1297 acc 0.0294
Training: iter    462    time 5.27    loss 0.0790 acc 0.7059
Training: iter    463    time 5.32    loss 0.1053 acc 0.2941
Training: iter    464    time 5.24    loss 0.0526 acc 0.9412
Training: iter    465    time 5.23    loss 0.0612 acc 0.9706
Training: iter    466    time 5.24    loss 0.0730 acc 0.7353
Training: iter    467    time 5.22    loss 0.0533 acc 1.0000
Training: iter    468    time 5.21    loss 0.0500 acc 0.9412
Training: iter    469    time 5.26    loss 0.1124 acc 0.0588
Training: iter    470    time 5.36    loss 0.0970 acc 0.0882
Training: iter    471    time 5.27    loss 0.0775 acc 0.8529
Training: iter    472    time 5.27    loss 0.0406 acc 0.9706
Training: iter    473    time 5.27    loss 0.1116 acc 0.3824
Training: iter    474    time 5.29    loss 0.1581 acc 0.0000
Training: iter    475    time 5.28    loss 0.0598 acc 0.6765
Training: iter    476    time 5.23    loss 0.0386 acc 1.0000
Training: iter    477    time 5.25    loss 0.0870 acc 0.5882
Training: iter    478    time 5.26    loss 0.0260 acc 1.0000
Training: iter    479    time 5.28    loss 0.1280 acc 0.1471
Training: iter    480    time 5.30    loss 0.0626 acc 0.9706
Training: iter    481    time 5.19    loss 0.1024 acc 0.2647
Training: iter    482    time 5.21    loss 0.0325 acc 1.0000
Training: iter    483    time 5.24    loss 0.1188 acc 0.3235
Training: iter    484    time 5.22    loss 0.0810 acc 0.9412
Training: iter    485    time 5.27    loss 0.2929 acc 0.0000
Training: iter    486    time 5.33    loss 0.0975 acc 0.7647
Training: iter    487    time 5.17    loss 0.0126 acc 1.0000
Training: iter    488    time 5.30    loss 0.0223 acc 1.0000
Training: iter    489    time 5.21    loss 0.1873 acc 0.0000
Training: iter    490    time 5.12    loss 0.0606 acc 0.9412
Training: iter    491    time 5.26    loss 0.0841 acc 0.6176
Training: iter    492    time 5.29    loss 0.1295 acc 1.0000
Training: iter    493    time 5.30    loss 0.0971 acc 0.5294
Training: iter    494    time 5.24    loss 0.1329 acc 0.0000
Training: iter    495    time 5.31    loss 0.0885 acc 1.0000
Training: iter    496    time 5.27    loss 0.0716 acc 0.8235
Training: iter    497    time 5.24    loss 0.1038 acc 0.3235
Training: iter    498    time 5.25    loss 0.0743 acc 0.7941
Training: iter    499    time 5.19    loss 0.1065 acc 0.4118
Training: iter    500    time 5.47    loss 0.0912 acc 0.5294
Training: iter    501    time 5.09    loss 0.0981 acc 0.5882
Training: iter    502    time 5.13    loss 0.0520 acc 1.0000
Training: iter    503    time 5.16    loss 0.1242 acc 0.0588
Training: iter    504    time 5.25    loss 0.1027 acc 0.5588
Training: iter    505    time 5.26    loss 0.1034 acc 0.3529
Training: iter    506    time 5.27    loss 0.0447 acc 1.0000
Training: iter    507    time 5.33    loss 0.1544 acc 0.0882
Training: iter    508    time 5.29    loss 0.1302 acc 0.0000
Training: iter    509    time 5.28    loss 0.0939 acc 0.5000
Training: iter    510    time 5.35    loss 0.0718 acc 0.9118
Training: iter    511    time 5.25    loss 0.1008 acc 0.6765
Training: iter    512    time 5.29    loss 0.1015 acc 0.4706
Training: iter    513    time 5.42    loss 0.0990 acc 0.4412
Training: iter    514    time 5.64    loss 0.0673 acc 0.7647
Training: iter    515    time 5.54    loss 0.0762 acc 0.6765
Training: iter    516    time 5.63    loss 0.1151 acc 0.2353
Training: iter    517    time 5.50    loss 0.0919 acc 0.6765
Training: iter    518    time 5.37    loss 0.0432 acc 1.0000
Training: iter    519    time 5.27    loss 0.1661 acc 0.2059
Training: iter    520    time 5.25    loss 0.0634 acc 0.8824
Training: iter    521    time 5.30    loss 0.0936 acc 0.6176
Training: iter    522    time 5.28    loss 0.1350 acc 0.1765
Training: iter    523    time 5.21    loss 0.1186 acc 0.3824
Training: iter    524    time 5.30    loss 0.0426 acc 1.0000
Training: iter    525    time 5.19    loss 0.1528 acc 0.0000
Training: iter    526    time 5.19    loss 0.1265 acc 0.0294
Training: iter    527    time 5.23    loss 0.1408 acc 0.0000
Training: iter    528    time 5.26    loss 0.0432 acc 0.9412
Training: iter    529    time 5.28    loss 0.0903 acc 0.4412
Training: iter    530    time 5.26    loss 0.0695 acc 0.9412
Training: iter    531    time 5.25    loss 0.1295 acc 1.0000
Training: iter    532    time 5.25    loss 0.0745 acc 0.9118
Training: iter    533    time 5.34    loss 0.0695 acc 0.8824
Training: iter    534    time 5.26    loss 0.0537 acc 1.0000
Training: iter    535    time 5.27    loss 0.0997 acc 0.2941
Training: iter    536    time 5.12    loss 0.1979 acc 0.0000
Training: iter    537    time 5.36    loss 0.0857 acc 0.5882
Training: iter    538    time 5.26    loss 0.0904 acc 0.5294
Training: iter    539    time 5.22    loss 0.1295 acc 0.5000
Training: iter    540    time 5.34    loss 0.0974 acc 0.5882
Training: iter    541    time 5.26    loss 0.1041 acc 0.5294
Training: iter    542    time 5.20    loss 0.0924 acc 0.7647
Training: iter    543    time 5.33    loss 0.0308 acc 1.0000
Training: iter    544    time 5.30    loss 0.0363 acc 1.0000
Training: iter    545    time 5.28    loss 0.0620 acc 1.0000
Training: iter    546    time 5.22    loss 0.1551 acc 0.0882
Training: iter    547    time 5.31    loss 0.1060 acc 0.3529
Training: iter    548    time 5.21    loss 0.0376 acc 1.0000
Training: iter    549    time 5.27    loss 0.0267 acc 1.0000
Training: iter    550    time 5.26    loss 0.0526 acc 1.0000
Training: iter    551    time 5.28    loss 0.1297 acc 0.0000
Training: iter    552    time 5.27    loss 0.1178 acc 0.0294
Training: iter    553    time 5.37    loss 0.0946 acc 0.7353
Training: iter    554    time 5.31    loss 0.0782 acc 0.7941
Training: iter    555    time 5.32    loss 0.0805 acc 0.3235
Training: iter    556    time 6.29    loss 0.1508 acc 0.1471
Training: iter    557    time 7.55    loss 0.1915 acc 0.2647
Training: iter    558    time 7.70    loss 0.1309 acc 0.0000
Training: iter    559    time 7.68    loss 0.1030 acc 0.6176
Training: iter    560    time 7.63    loss 0.0974 acc 0.7647
Training: iter    561    time 7.60    loss 0.1282 acc 0.0588
Training: iter    562    time 7.69    loss 0.0468 acc 1.0000
Training: iter    563    time 7.55    loss 0.0611 acc 1.0000
Training: iter    564    time 7.67    loss 0.1184 acc 0.3824
Training: iter    565    time 7.60    loss 0.0679 acc 0.9706
Training: iter    566    time 7.61    loss 0.0542 acc 0.8235
Training: iter    567    time 7.62    loss 0.0675 acc 0.9412
Training: iter    568    time 7.67    loss 0.0249 acc 1.0000
Training: iter    569    time 7.62    loss 0.0276 acc 1.0000
Training: iter    570    time 7.66    loss 0.1064 acc 0.4118
Training: iter    571    time 7.84    loss 0.1295 acc 1.0000
Training: iter    572    time 8.20    loss 0.0852 acc 0.3824
Training: iter    573    time 8.02    loss 0.1332 acc 0.0882
Training: iter    574    time 7.93    loss 0.0801 acc 0.5882
Training: iter    575    time 7.93    loss 0.2687 acc 0.0588
Training: iter    576    time 8.02    loss 0.0795 acc 0.7941
Training: iter    577    time 8.03    loss 0.1183 acc 0.1176
Training: iter    578    time 7.89    loss 0.0451 acc 1.0000
Training: iter    579    time 7.94    loss 0.0219 acc 1.0000
Training: iter    580    time 7.81    loss 0.1404 acc 0.0000
Training: iter    581    time 7.02    loss 0.0943 acc 0.5882
Training: iter    582    time 5.79    loss 0.0935 acc 0.5882
Training: iter    583    time 5.68    loss 0.0586 acc 0.9118
Training: iter    584    time 5.61    loss 0.0661 acc 0.9412
Training: iter    585    time 5.74    loss 0.0890 acc 0.7647
Training: iter    586    time 5.70    loss 0.0463 acc 0.8529
Training: iter    587    time 5.66    loss 0.0255 acc 1.0000
Training: iter    588    time 5.67    loss 0.1471 acc 0.0000
Training: iter    589    time 5.77    loss 0.0844 acc 0.6471
Training: iter    590    time 5.72    loss 0.1105 acc 0.4706
Training: iter    591    time 5.75    loss 0.0903 acc 0.5882
Training: iter    592    time 5.71    loss 0.1060 acc 0.2647
Training: iter    593    time 5.73    loss 0.1726 acc 0.1765
Training: iter    594    time 5.75    loss 0.1303 acc 0.4706
Training: iter    595    time 5.78    loss 0.0239 acc 1.0000
Training: iter    596    time 5.63    loss 0.0331 acc 0.9706
Training: iter    597    time 5.25    loss 0.0995 acc 0.4118
Training: iter    598    time 5.30    loss 0.1553 acc 0.0294
Training: iter    599    time 5.30    loss 0.0293 acc 1.0000
Training: iter    600    time 5.46    loss 0.1426 acc 0.2059
Training: iter    601    time 5.08    loss 0.1268 acc 0.2353
Training: iter    602    time 5.32    loss 0.0331 acc 1.0000
Training: iter    603    time 5.27    loss 0.1406 acc 0.0000
Training: iter    604    time 5.26    loss 0.0767 acc 0.6765
Training: iter    605    time 5.29    loss 0.0982 acc 0.5000
Training: iter    606    time 5.25    loss 0.1256 acc 0.2941
Training: iter    607    time 5.19    loss 0.0180 acc 1.0000
Training: iter    608    time 5.33    loss 0.0316 acc 1.0000
Training: iter    609    time 5.26    loss 0.1296 acc 1.0000
Training: iter    610    time 5.35    loss 0.0177 acc 1.0000
Training: iter    611    time 5.29    loss 0.1443 acc 0.0882
Training: iter    612    time 5.33    loss 0.0637 acc 1.0000
Training: iter    613    time 5.15    loss 0.0506 acc 0.8824
Training: iter    614    time 5.30    loss 0.1532 acc 0.5294
Training: iter    615    time 5.29    loss 0.1296 acc 0.0000
Training: iter    616    time 5.24    loss 0.0961 acc 0.4412
Training: iter    617    time 5.25    loss 0.1841 acc 0.0000
Training: iter    618    time 5.27    loss 0.1140 acc 0.5000
Training: iter    619    time 5.24    loss 0.1028 acc 0.4706
Training: iter    620    time 5.34    loss 0.0610 acc 0.8529
Training: iter    621    time 5.39    loss 0.0627 acc 0.7647
Training: iter    622    time 6.17    loss 0.1368 acc 0.0588
Training: iter    623    time 7.50    loss 0.1022 acc 0.3529
Training: iter    624    time 7.40    loss 0.0904 acc 0.4706
Training: iter    625    time 7.56    loss 0.1155 acc 0.3529
Training: iter    626    time 7.53    loss 0.0658 acc 1.0000
Training: iter    627    time 7.53    loss 0.1045 acc 0.4706
Training: iter    628    time 7.46    loss 0.0992 acc 0.5588
Training: iter    629    time 7.53    loss 0.0909 acc 0.5882
Training: iter    630    time 7.55    loss 0.0871 acc 0.6471
Training: iter    631    time 7.66    loss 0.0372 acc 1.0000
Training: iter    632    time 7.64    loss 0.0558 acc 1.0000
Training: iter    633    time 7.66    loss 0.0662 acc 0.9706
Training: iter    634    time 7.50    loss 0.0688 acc 1.0000
Training: iter    635    time 7.62    loss 0.1971 acc 0.0000
Training: iter    636    time 7.60    loss 0.0374 acc 1.0000
Training: iter    637    time 7.62    loss 0.0263 acc 1.0000
Training: iter    638    time 7.59    loss 0.0387 acc 1.0000
Training: iter    639    time 7.78    loss 0.0714 acc 0.7647
Training: iter    640    time 7.58    loss 0.1375 acc 0.1176
Training: iter    641    time 7.64    loss 0.1243 acc 0.0000
Training: iter    642    time 7.73    loss 0.0614 acc 0.9706
Training: iter    643    time 7.72    loss 0.0694 acc 1.0000
Training: iter    644    time 7.55    loss 0.0201 acc 1.0000
Training: iter    645    time 7.52    loss 0.1301 acc 0.0000
Training: iter    646    time 7.60    loss 0.1251 acc 0.2059
Training: iter    647    time 7.57    loss 0.1064 acc 0.2941
Training: iter    648    time 6.30    loss 0.0987 acc 0.4412
Training: iter    649    time 5.52    loss 0.1525 acc 0.2059
Training: iter    650    time 5.63    loss 0.1304 acc 0.0000
Training: iter    651    time 5.67    loss 0.0239 acc 1.0000
Training: iter    652    time 5.74    loss 0.2218 acc 0.0588
Training: iter    653    time 5.76    loss 0.0714 acc 0.7647
Training: iter    654    time 5.67    loss 0.2145 acc 0.0000
Training: iter    655    time 5.65    loss 0.0989 acc 0.2941
Training: iter    656    time 5.77    loss 0.1443 acc 0.0000
Training: iter    657    time 5.61    loss 0.1087 acc 0.2059
Training: iter    658    time 5.61    loss 0.1065 acc 0.3529
Training: iter    659    time 5.60    loss 0.0927 acc 0.6176
Training: iter    660    time 5.67    loss 0.0283 acc 1.0000
Training: iter    661    time 5.66    loss 0.0381 acc 1.0000
Training: iter    662    time 5.59    loss 0.1069 acc 0.3824
Training: iter    663    time 5.58    loss 0.0958 acc 0.5294
Training: iter    664    time 5.47    loss 0.0941 acc 0.4706
Training: iter    665    time 5.53    loss 0.1099 acc 0.5000
Training: iter    666    time 5.18    loss 0.1808 acc 0.0000
Training: iter    667    time 5.21    loss 0.1653 acc 0.0000
Training: iter    668    time 5.08    loss 0.0732 acc 0.7647
Training: iter    669    time 5.00    loss 0.0793 acc 0.7059
Training: iter    670    time 5.02    loss 0.0668 acc 0.8529
Training: iter    671    time 5.05    loss 0.0454 acc 0.9706
Training: iter    672    time 5.00    loss 0.1330 acc 0.1176
Training: iter    673    time 4.98    loss 0.1322 acc 0.4706
Training: iter    674    time 5.17    loss 0.1039 acc 0.2647
Training: iter    675    time 5.21    loss 0.0867 acc 0.5882
Training: iter    676    time 5.30    loss 0.1178 acc 0.1765
Training: iter    677    time 5.11    loss 0.1297 acc 0.0000
Training: iter    678    time 5.17    loss 0.1455 acc 0.2353
Training: iter    679    time 5.27    loss 0.0402 acc 1.0000
Training: iter    680    time 5.31    loss 0.1236 acc 0.2353
Training: iter    681    time 5.13    loss 0.0973 acc 0.7059
Training: iter    682    time 5.24    loss 0.1356 acc 0.1471
Training: iter    683    time 5.20    loss 0.0284 acc 1.0000
Training: iter    684    time 5.20    loss 0.1264 acc 0.1176
Training: iter    685    time 5.21    loss 0.0880 acc 0.2647
Training: iter    686    time 5.20    loss 0.1297 acc 1.0000
Training: iter    687    time 5.18    loss 0.1191 acc 0.4706
Training: iter    688    time 5.28    loss 0.1205 acc 0.3824
Training: iter    689    time 5.29    loss 0.1296 acc 0.0000
Training: iter    690    time 5.17    loss 0.1243 acc 0.3235
Training: iter    691    time 5.21    loss 0.1477 acc 0.2059
Training: iter    692    time 5.18    loss 0.1027 acc 0.5882
Training: iter    693    time 5.19    loss 0.0833 acc 0.7941
Training: iter    694    time 5.18    loss 0.0745 acc 0.9706
Training: iter    695    time 5.29    loss 0.0772 acc 0.5882
Training: iter    696    time 5.20    loss 0.0931 acc 0.8235
Training: iter    697    time 5.16    loss 0.1149 acc 0.4412
Training: iter    698    time 5.21    loss 0.1063 acc 0.5882
Training: iter    699    time 5.23    loss 0.0239 acc 1.0000
Training: iter    700    time 5.40    loss 0.1679 acc 0.1765
Training: iter    701    time 5.00    loss 0.0920 acc 0.7647
Training: iter    702    time 5.19    loss 0.1529 acc 0.2353
Training: iter    703    time 5.10    loss 0.1295 acc 0.0000
Training: iter    704    time 5.23    loss 0.0818 acc 0.8529
Training: iter    705    time 5.22    loss 0.1695 acc 0.0000
Training: iter    706    time 5.17    loss 0.0950 acc 0.4706
Training: iter    707    time 5.23    loss 0.1085 acc 0.3235
Training: iter    708    time 5.29    loss 0.1139 acc 0.3235
Training: iter    709    time 5.15    loss 0.0288 acc 1.0000
Training: iter    710    time 5.13    loss 0.1130 acc 0.5294
Training: iter    711    time 5.20    loss 0.0434 acc 1.0000
Training: iter    712    time 5.24    loss 0.1083 acc 0.4706
Training: iter    713    time 5.28    loss 0.0639 acc 1.0000
Training: iter    714    time 5.23    loss 0.1274 acc 0.1471
Training: iter    715    time 5.21    loss 0.0818 acc 0.6471
Training: iter    716    time 5.15    loss 0.0158 acc 1.0000
Training: iter    717    time 5.21    loss 0.1143 acc 0.4118
Training: iter    718    time 5.20    loss 0.0854 acc 0.6471
Training: iter    719    time 5.39    loss 0.0831 acc 0.5882
Training: iter    720    time 5.16    loss 0.1175 acc 0.5588
Training: iter    721    time 5.10    loss 0.0394 acc 0.9706
Training: iter    722    time 5.25    loss 0.0971 acc 0.4412
Training: iter    723    time 5.21    loss 0.1295 acc 0.5294
Training: iter    724    time 5.11    loss 0.0959 acc 0.4706
Training: iter    725    time 5.22    loss 0.1296 acc 0.0000
Training: iter    726    time 5.32    loss 0.0397 acc 1.0000
Training: iter    727    time 5.23    loss 0.0991 acc 0.5000
Training: iter    728    time 5.25    loss 0.1301 acc 0.2353
Training: iter    729    time 5.28    loss 0.1002 acc 0.3529
Training: iter    730    time 5.11    loss 0.0352 acc 1.0000
Training: iter    731    time 5.21    loss 0.0649 acc 0.9412
Training: iter    732    time 5.27    loss 0.1115 acc 0.2941
Training: iter    733    time 5.15    loss 0.0909 acc 0.6471
Training: iter    734    time 5.28    loss 0.1298 acc 0.0000
Training: iter    735    time 5.24    loss 0.0562 acc 0.9412
Training: iter    736    time 5.24    loss 0.0403 acc 0.9412
Training: iter    737    time 5.19    loss 0.0495 acc 0.8824
Training: iter    738    time 5.22    loss 0.0787 acc 0.6176
Training: iter    739    time 5.21    loss 0.1043 acc 0.4706
Training: iter    740    time 5.26    loss 0.0319 acc 0.9706
Training: iter    741    time 5.21    loss 0.1477 acc 0.3235
Training: iter    742    time 5.16    loss 0.1784 acc 0.1471
Training: iter    743    time 5.25    loss 0.0871 acc 0.5000
Training: iter    744    time 5.18    loss 0.1217 acc 0.1471
Training: iter    745    time 5.33    loss 0.1244 acc 0.3529
Training: iter    746    time 5.51    loss 0.0636 acc 0.6176
Training: iter    747    time 5.57    loss 0.1295 acc 0.0000
Training: iter    748    time 5.47    loss 0.0244 acc 1.0000
Training: iter    749    time 5.44    loss 0.1111 acc 0.1765
Training: iter    750    time 5.51    loss 0.1481 acc 0.1765
Training: iter    751    time 5.42    loss 0.0672 acc 0.7941
Training: iter    752    time 5.58    loss 0.0948 acc 0.5000
Training: iter    753    time 5.24    loss 0.1206 acc 0.4118
Training: iter    754    time 5.16    loss 0.2976 acc 0.0000
Training: iter    755    time 5.19    loss 0.0611 acc 0.8529
Training: iter    756    time 5.19    loss 0.1412 acc 0.1765
Training: iter    757    time 5.20    loss 0.1832 acc 0.0000
Training: iter    758    time 5.24    loss 0.0597 acc 1.0000
Training: iter    759    time 5.21    loss 0.1130 acc 0.0588
Training: iter    760    time 5.18    loss 0.0714 acc 0.8235
Training: iter    761    time 5.19    loss 0.0554 acc 1.0000
Training: iter    762    time 5.22    loss 0.0965 acc 0.6176
Training: iter    763    time 5.19    loss 0.0873 acc 0.5882
Training: iter    764    time 5.18    loss 0.1322 acc 1.0000
Training: iter    765    time 5.27    loss 0.1369 acc 0.0588
Training: iter    766    time 5.84    loss 0.0681 acc 1.0000
Training: iter    767    time 7.22    loss 0.0787 acc 0.9412
Training: iter    768    time 7.21    loss 0.1094 acc 0.3824
Training: iter    769    time 7.26    loss 0.1024 acc 0.7353
Training: iter    770    time 7.25    loss 0.1026 acc 0.4412
Training: iter    771    time 7.32    loss 0.1470 acc 0.5294
Training: iter    772    time 7.38    loss 0.1338 acc 0.1765
Training: iter    773    time 7.44    loss 0.1636 acc 0.2941
Training: iter    774    time 7.30    loss 0.0843 acc 0.5000
Training: iter    775    time 7.22    loss 0.0978 acc 0.2647
Training: iter    776    time 7.34    loss 0.1050 acc 0.4118
Training: iter    777    time 7.27    loss 0.0949 acc 0.2353
Training: iter    778    time 7.67    loss 0.0579 acc 1.0000
Training: iter    779    time 7.35    loss 0.0981 acc 0.5588
Training: iter    780    time 7.32    loss 0.0988 acc 0.5588
Training: iter    781    time 7.25    loss 0.0812 acc 0.9706
Training: iter    782    time 7.30    loss 0.0937 acc 0.5294
Training: iter    783    time 7.28    loss 0.0891 acc 0.5588
Training: iter    784    time 7.38    loss 0.1277 acc 0.2059
Training: iter    785    time 7.25    loss 0.1362 acc 0.0882
Training: iter    786    time 7.21    loss 0.0627 acc 0.8824
Training: iter    787    time 7.25    loss 0.1299 acc 0.0294
Training: iter    788    time 7.20    loss 0.1019 acc 0.3529
Training: iter    789    time 7.38    loss 0.0956 acc 0.5588
Training: iter    790    time 7.28    loss 0.0674 acc 0.7353
Training: iter    791    time 7.28    loss 0.1283 acc 0.2647
Training: iter    792    time 7.12    loss 0.1078 acc 0.5294
Training: iter    793    time 7.37    loss 0.1002 acc 0.5000
Training: iter    794    time 7.36    loss 0.0688 acc 0.7059
Training: iter    795    time 5.95    loss 0.1078 acc 0.3824
Training: iter    796    time 5.67    loss 0.0394 acc 1.0000
Training: iter    797    time 5.63    loss 0.0650 acc 0.9118
Training: iter    798    time 5.52    loss 0.0681 acc 0.7353
Training: iter    799    time 5.51    loss 0.1311 acc 0.2647
Training: iter    800    time 6.01    loss 0.0763 acc 0.5588
Training: iter    801    time 5.24    loss 0.0359 acc 1.0000
Training: iter    802    time 5.22    loss 0.1421 acc 0.0000
Training: iter    803    time 5.50    loss 0.0999 acc 0.7353
Training: iter    804    time 5.45    loss 0.0992 acc 0.2353
Training: iter    805    time 5.52    loss 0.1288 acc 0.0000
Training: iter    806    time 5.48    loss 0.1273 acc 0.3235
Training: iter    807    time 5.45    loss 0.0651 acc 0.7941
Training: iter    808    time 5.55    loss 0.0429 acc 0.9706
Training: iter    809    time 5.51    loss 0.0432 acc 0.9706
Training: iter    810    time 5.57    loss 0.0529 acc 1.0000
Training: iter    811    time 5.49    loss 0.0790 acc 0.6176
Training: iter    812    time 5.67    loss 0.0940 acc 0.5294
Training: iter    813    time 5.49    loss 0.0788 acc 0.7353
Training: iter    814    time 5.67    loss 0.1121 acc 0.2941
Training: iter    815    time 5.22    loss 0.0566 acc 0.9412
Training: iter    816    time 5.25    loss 0.1283 acc 0.1471
Training: iter    817    time 5.27    loss 0.0383 acc 0.9706
Training: iter    818    time 5.25    loss 0.2338 acc 0.4412
Training: iter    819    time 5.19    loss 0.0572 acc 0.9706
Training: iter    820    time 5.19    loss 0.1088 acc 0.4706
Training: iter    821    time 5.29    loss 0.1075 acc 0.4706
Training: iter    822    time 5.26    loss 0.0929 acc 0.6471
Training: iter    823    time 5.24    loss 0.1311 acc 1.0000
Training: iter    824    time 5.22    loss 0.1467 acc 0.0882
Training: iter    825    time 5.23    loss 0.0536 acc 0.7647
Training: iter    826    time 5.24    loss 0.1603 acc 0.3235
Training: iter    827    time 5.32    loss 0.0405 acc 1.0000
Training: iter    828    time 5.39    loss 0.1542 acc 0.4118
Training: iter    829    time 5.52    loss 0.1205 acc 0.2353
Training: iter    830    time 5.61    loss 0.0509 acc 1.0000
Training: iter    831    time 5.54    loss 0.0968 acc 0.5294
Training: iter    832    time 5.42    loss 0.1008 acc 0.4118
Training: iter    833    time 5.52    loss 0.0480 acc 0.9706
Training: iter    834    time 5.45    loss 0.1121 acc 0.3529
Training: iter    835    time 5.35    loss 0.0956 acc 0.7353
Training: iter    836    time 5.20    loss 0.0758 acc 0.6765
Training: iter    837    time 5.17    loss 0.0737 acc 0.9412
Training: iter    838    time 5.21    loss 0.0673 acc 0.9412
Training: iter    839    time 5.13    loss 0.1430 acc 0.5000
Training: iter    840    time 5.15    loss 0.0342 acc 1.0000
Training: iter    841    time 5.22    loss 0.1137 acc 0.2647
Training: iter    842    time 5.03    loss 0.0761 acc 0.7941
Training: iter    843    time 5.08    loss 0.1657 acc 0.0000
Training: iter    844    time 5.18    loss 0.1247 acc 0.2059
Training: iter    845    time 5.17    loss 0.0385 acc 1.0000
Training: iter    846    time 5.24    loss 0.1308 acc 0.0882
Training: iter    847    time 5.64    loss 0.0809 acc 0.5588
Training: iter    848    time 7.30    loss 0.0963 acc 0.4412
Training: iter    849    time 7.27    loss 0.0341 acc 1.0000
Training: iter    850    time 7.34    loss 0.0338 acc 0.9706
Training: iter    851    time 7.27    loss 0.0736 acc 0.7353
Training: iter    852    time 7.34    loss 0.1239 acc 0.2059
Training: iter    853    time 7.32    loss 0.1245 acc 0.2059
Training: iter    854    time 7.44    loss 0.1313 acc 0.0882
Training: iter    855    time 7.30    loss 0.1181 acc 0.1176
Training: iter    856    time 7.24    loss 0.1189 acc 0.5000
Training: iter    857    time 7.33    loss 0.1373 acc 0.0294
Training: iter    858    time 7.29    loss 0.0250 acc 1.0000
Training: iter    859    time 7.43    loss 0.1562 acc 0.0588
Training: iter    860    time 7.36    loss 0.1035 acc 0.4412
Training: iter    861    time 7.12    loss 0.0906 acc 0.6176
Training: iter    862    time 7.11    loss 0.0252 acc 1.0000
Training: iter    863    time 6.79    loss 0.1160 acc 0.2647
Training: iter    864    time 7.09    loss 0.1361 acc 0.0000
Training: iter    865    time 6.95    loss 0.0293 acc 1.0000
Training: iter    866    time 6.99    loss 0.1065 acc 0.4412
Training: iter    867    time 6.91    loss 0.0687 acc 0.9118
Training: iter    868    time 6.82    loss 0.1188 acc 0.2941
Training: iter    869    time 6.68    loss 0.1186 acc 0.2647
Training: iter    870    time 6.87    loss 0.1117 acc 0.3235
Training: iter    871    time 6.90    loss 0.0542 acc 0.9412
Training: iter    872    time 6.94    loss 0.1305 acc 0.0588
Training: iter    873    time 6.94    loss 0.1266 acc 0.2059
Training: iter    874    time 7.06    loss 0.0599 acc 0.7941
Training: iter    875    time 7.20    loss 0.0661 acc 1.0000
Training: iter    876    time 7.19    loss 0.1195 acc 0.3824
Training: iter    877    time 7.33    loss 0.0516 acc 1.0000
Training: iter    878    time 7.33    loss 0.1076 acc 0.4412
Training: iter    879    time 5.50    loss 0.0920 acc 0.5294
Training: iter    880    time 5.31    loss 0.0579 acc 0.8529
Training: iter    881    time 5.20    loss 0.1388 acc 0.0294
Training: iter    882    time 5.23    loss 0.0257 acc 1.0000
Training: iter    883    time 5.21    loss 0.0971 acc 0.6471
Training: iter    884    time 5.21    loss 0.1031 acc 0.5588
Training: iter    885    time 5.19    loss 0.0598 acc 0.7941
Training: iter    886    time 5.19    loss 0.0714 acc 0.8235
Training: iter    887    time 5.17    loss 0.0283 acc 1.0000
Training: iter    888    time 5.31    loss 0.1245 acc 0.0882
Training: iter    889    time 5.28    loss 0.0498 acc 0.8529
Training: iter    890    time 5.32    loss 0.1346 acc 0.1176
Training: iter    891    time 5.27    loss 0.1933 acc 0.0294
Training: iter    892    time 5.02    loss 0.0563 acc 1.0000
Training: iter    893    time 5.26    loss 0.1401 acc 0.4118
Training: iter    894    time 5.23    loss 0.1295 acc 0.0000
Training: iter    895    time 5.21    loss 0.0684 acc 0.7647
Training: iter    896    time 5.32    loss 0.1345 acc 0.2353
Training: iter    897    time 5.23    loss 0.1750 acc 0.0882
Training: iter    898    time 5.35    loss 0.0932 acc 0.5588
Training: iter    899    time 5.24    loss 0.1005 acc 0.6471
Training: iter    900    time 5.50    loss 0.0907 acc 0.4706
Training: iter    901    time 4.88    loss 0.2384 acc 0.0000
Training: iter    902    time 5.02    loss 0.1098 acc 0.0882
Training: iter    903    time 5.14    loss 0.0351 acc 1.0000
Training: iter    904    time 5.26    loss 0.0705 acc 0.7647
Training: iter    905    time 5.22    loss 0.0934 acc 0.2941
Training: iter    906    time 5.35    loss 0.1388 acc 1.0000
Training: iter    907    time 5.25    loss 0.1168 acc 0.6765
Training: iter    908    time 5.40    loss 0.0752 acc 1.0000
Training: iter    909    time 5.24    loss 0.0400 acc 1.0000
Training: iter    910    time 5.30    loss 0.0586 acc 1.0000
Training: iter    911    time 5.24    loss 0.0830 acc 0.7647
Training: iter    912    time 5.27    loss 0.1223 acc 0.5588
Training: iter    913    time 5.13    loss 0.0366 acc 0.9118
Training: iter    914    time 5.15    loss 0.1194 acc 0.3235
Training: iter    915    time 5.19    loss 0.1296 acc 0.5294
Training: iter    916    time 5.32    loss 0.1230 acc 0.3529
Training: iter    917    time 5.29    loss 0.0822 acc 0.8235
Training: iter    918    time 5.33    loss 0.0162 acc 1.0000
Training: iter    919    time 5.20    loss 0.1061 acc 0.3529
Training: iter    920    time 5.29    loss 0.0963 acc 0.5882
Training: iter    921    time 5.24    loss 0.0377 acc 0.9706
Training: iter    922    time 5.21    loss 0.1387 acc 0.2353
Training: iter    923    time 5.28    loss 0.0173 acc 1.0000
Training: iter    924    time 5.28    loss 0.0918 acc 0.3824
Training: iter    925    time 5.14    loss 0.0172 acc 1.0000
Training: iter    926    time 5.34    loss 0.1381 acc 0.2353
Training: iter    927    time 5.24    loss 0.0995 acc 0.5294
Training: iter    928    time 5.10    loss 0.1459 acc 0.0000
Training: iter    929    time 5.27    loss 0.0338 acc 1.0000
Training: iter    930    time 5.24    loss 0.1006 acc 0.5882
Training: iter    931    time 4.99    loss 0.1333 acc 0.0000
Training: iter    932    time 5.17    loss 0.0891 acc 0.6765
Training: iter    933    time 5.16    loss 0.0583 acc 0.9118
Training: iter    934    time 5.14    loss 0.1211 acc 0.1765
Training: iter    935    time 5.18    loss 0.0834 acc 0.7353
Training: iter    936    time 5.22    loss 0.1422 acc 0.5000
Training: iter    937    time 5.25    loss 0.0575 acc 1.0000
Training: iter    938    time 5.31    loss 0.0862 acc 0.7941
Training: iter    939    time 5.22    loss 0.0872 acc 0.5294
Training: iter    940    time 5.19    loss 0.0666 acc 0.8529
Training: iter    941    time 5.18    loss 0.0977 acc 0.5294
Training: iter    942    time 5.23    loss 0.0557 acc 1.0000
Training: iter    943    time 386.85    loss 0.1537 acc 0.0000
Training: iter    944    time 35.13    loss 0.0982 acc 0.3235
Training: iter    945    time 33.69    loss 0.0552 acc 0.8529
Training: iter    946    time 5.59    loss 0.1222 acc 0.3529
Training: iter    947    time 5.56    loss 0.1314 acc 0.0000
Training: iter    948    time 5.53    loss 0.1007 acc 0.4706
Training: iter    949    time 5.56    loss 0.1107 acc 0.2941
Training: iter    950    time 35.53    loss 0.1728 acc 0.0588
Training: iter    951    time 5.60    loss 0.0777 acc 0.6765
Training: iter    952    time 5.61    loss 0.0746 acc 0.7941
Training: iter    953    time 5.53    loss 0.0897 acc 0.6471
Training: iter    954    time 5.50    loss 0.0937 acc 0.4118
Training: iter    955    time 5.47    loss 0.1123 acc 0.4412
Training: iter    956    time 37.29    loss 0.1049 acc 0.5000
Training: iter    957    time 5.60    loss 0.2512 acc 0.0294
Training: iter    958    time 5.56    loss 0.1298 acc 0.5000
Training: iter    959    time 5.50    loss 0.1588 acc 0.1765
Training: iter    960    time 5.49    loss 0.1265 acc 0.9412
Training: iter    961    time 5.54    loss 0.1244 acc 0.4118
Training: iter    962    time 5.50    loss 0.1282 acc 1.0000
Training: iter    963    time 33.30    loss 0.0935 acc 0.6765
Training: iter    964    time 5.53    loss 0.1159 acc 0.6176
Training: iter    965    time 5.55    loss 0.1245 acc 0.4118
Training: iter    966    time 5.57    loss 0.0825 acc 0.9706
Training: iter    967    time 5.57    loss 0.0634 acc 1.0000
Training: iter    968    time 5.61    loss 0.0756 acc 0.8824
Training: iter    969    time 33.68    loss 0.1461 acc 0.2941
Training: iter    970    time 5.61    loss 0.0465 acc 1.0000
Training: iter    971    time 5.55    loss 0.0698 acc 0.9412
Training: iter    972    time 5.53    loss 0.1085 acc 0.4412
Training: iter    973    time 5.45    loss 0.0645 acc 0.7647
Training: iter    974    time 5.37    loss 0.1151 acc 0.2647
Training: iter    975    time 5.34    loss 0.0848 acc 0.7353
Training: iter    976    time 36.82    loss 0.1276 acc 0.2647
Training: iter    977    time 5.32    loss 0.1729 acc 0.1176
Training: iter    978    time 5.31    loss 0.0844 acc 0.5588
Training: iter    979    time 5.28    loss 0.0391 acc 1.0000
Training: iter    980    time 5.25    loss 0.0453 acc 1.0000
Training: iter    981    time 5.27    loss 0.0408 acc 1.0000
Training: iter    982    time 37.28    loss 0.0242 acc 1.0000
Training: iter    983    time 5.50    loss 0.0192 acc 1.0000
Training: iter    984    time 5.47    loss 0.0731 acc 0.5294
Training: iter    985    time 5.43    loss 0.1299 acc 0.0000
Training: iter    986    time 5.41    loss 0.0889 acc 0.7059
Training: iter    987    time 5.37    loss 0.1128 acc 0.5588
Training: iter    988    time 36.42    loss 0.0234 acc 1.0000
Training: iter    989    time 5.44    loss 0.0885 acc 0.4706
Training: iter    990    time 5.56    loss 0.1368 acc 0.0000
Training: iter    991    time 35.10    loss 0.0900 acc 0.5882
Training: iter    992    time 35.56    loss 0.0248 acc 1.0000
Training: iter    993    time 5.51    loss 0.1168 acc 0.2353
Training: iter    994    time 34.33    loss 0.0334 acc 1.0000
Training: iter    995    time 5.45    loss 0.0133 acc 1.0000
Training: iter    996    time 5.42    loss 0.0162 acc 1.0000
Training: iter    997    time 5.37    loss 0.0834 acc 0.6471
Training: iter    998    time 5.33    loss 0.0617 acc 0.8824
Training: iter    999    time 5.29    loss 0.0391 acc 1.0000
Training: iter   1000    time 36.87    loss 0.1303 acc 0.0000
Training: iter   1001    time 5.03    loss 0.0611 acc 0.8235
Training: iter   1002    time 5.15    loss 0.1413 acc 0.2941
Training: iter   1003    time 5.25    loss 0.1512 acc 0.1471
Training: iter   1004    time 5.27    loss 0.1302 acc 0.3529
Training: iter   1005    time 5.30    loss 0.1664 acc 0.0588
Training: iter   1006    time 35.00    loss 0.1460 acc 0.2059
Training: iter   1007    time 5.28    loss 0.1697 acc 0.1765
Training: iter   1008    time 126.94    loss 0.0538 acc 0.8824
Training: iter   1009    time 5.49    loss 0.0895 acc 0.7059
Training: iter   1010    time 5.44    loss 0.0692 acc 0.8824
Training: iter   1011    time 36.66    loss 0.0312 acc 1.0000
Training: iter   1012    time 174.72    loss 0.0438 acc 0.9706
Training: iter   1013    time 5.61    loss 0.0949 acc 0.5294
Training: iter   1014    time 5.58    loss 0.1086 acc 0.3235
Training: iter   1015    time 5.53    loss 0.1313 acc 0.0000
Training: iter   1016    time 5.51    loss 0.0993 acc 0.4706
Training: iter   1017    time 5.53    loss 0.0857 acc 0.6765
Training: iter   1018    time 5.49    loss 0.1342 acc 0.3235
Training: iter   1019    time 5.49    loss 0.0223 acc 1.0000
Training: iter   1020    time 5.46    loss 0.0890 acc 0.6176
Training: iter   1021    time 36.60    loss 0.2220 acc 0.1765
Training: iter   1022    time 5.61    loss 0.1316 acc 0.1765
Training: iter   1023    time 5.60    loss 0.1001 acc 0.2647
Training: iter   1024    time 5.56    loss 0.0962 acc 0.4412
Training: iter   1025    time 5.48    loss 0.0320 acc 0.9706
Training: iter   1026    time 5.45    loss 0.1023 acc 0.2059
Training: iter   1027    time 5.34    loss 0.0811 acc 0.9706
Training: iter   1028    time 37.33    loss 0.0618 acc 0.8824
Training: iter   1029    time 5.39    loss 0.0722 acc 0.7353
Training: iter   1030    time 5.37    loss 0.0881 acc 0.6471
Training: iter   1031    time 5.34    loss 0.0420 acc 0.9706
Training: iter   1032    time 5.33    loss 0.0791 acc 0.7059
Training: iter   1033    time 5.30    loss 0.0163 acc 1.0000
Training: iter   1034    time 36.81    loss 0.0601 acc 0.8824
Training: iter   1035    time 5.31    loss 0.1466 acc 0.1176
Training: iter   1036    time 5.27    loss 0.1601 acc 0.2647
Training: iter   1037    time 5.29    loss 0.0932 acc 0.5000
Training: iter   1038    time 5.30    loss 0.0266 acc 1.0000
Training: iter   1039    time 5.31    loss 0.1359 acc 0.1471
Training: iter   1040    time 5.31    loss 0.0831 acc 0.5588
Training: iter   1041    time 39.11    loss 0.0185 acc 1.0000
Training: iter   1042    time 5.19    loss 0.0787 acc 0.6471
Training: iter   1043    time 5.28    loss 0.0663 acc 0.7059
Training: iter   1044    time 5.29    loss 0.0338 acc 1.0000
Training: iter   1045    time 5.29    loss 0.0810 acc 0.7059
Training: iter   1046    time 37.00    loss 0.0224 acc 1.0000
Training: iter   1047    time 5.26    loss 0.0640 acc 0.7647
Training: iter   1048    time 5.29    loss 0.0545 acc 0.8235
Training: iter   1049    time 5.26    loss 0.0843 acc 0.5588
Training: iter   1050    time 5.27    loss 0.0926 acc 0.5294
Training: iter   1051    time 5.26    loss 0.0866 acc 0.5294
Training: iter   1052    time 5.24    loss 0.0892 acc 0.5882
Training: iter   1053    time 37.18    loss 0.1591 acc 0.0294
Training: iter   1054    time 5.31    loss 0.0737 acc 0.7059
Training: iter   1055    time 5.29    loss 0.0480 acc 0.9118
Training: iter   1056    time 5.29    loss 0.0989 acc 0.4118
Training: iter   1057    time 5.30    loss 0.1151 acc 0.5294
Training: iter   1058    time 5.29    loss 0.1230 acc 0.2059
Training: iter   1059    time 39.22    loss 0.0569 acc 0.8824
Training: iter   1060    time 5.61    loss 0.1201 acc 0.1471
Training: iter   1061    time 5.54    loss 0.1453 acc 0.1765
Training: iter   1062    time 5.50    loss 0.0507 acc 0.9118
Training: iter   1063    time 5.47    loss 0.1429 acc 0.1471
Training: iter   1064    time 5.43    loss 0.0946 acc 0.5000
Training: iter   1065    time 37.18    loss 0.1389 acc 0.1471
Training: iter   1066    time 5.34    loss 0.0670 acc 0.9412
Training: iter   1067    time 5.31    loss 0.1001 acc 0.3235
Training: iter   1068    time 5.31    loss 0.1225 acc 0.3235
Training: iter   1069    time 5.49    loss 0.0873 acc 0.4412
Training: iter   1070    time 5.49    loss 0.0902 acc 0.5882
Training: iter   1071    time 5.51    loss 0.1046 acc 0.1765
Training: iter   1072    time 5.50    loss 0.0905 acc 0.5882
Training: iter   1073    time 5.51    loss 0.0590 acc 0.9118
Training: iter   1074    time 5.52    loss 0.0797 acc 0.5882
Training: iter   1075    time 5.52    loss 0.0893 acc 0.6176
Training: iter   1076    time 5.52    loss 0.0182 acc 1.0000
Training: iter   1077    time 39.35    loss 0.1039 acc 0.4706
Training: iter   1078    time 5.47    loss 0.0343 acc 1.0000
Training: iter   1079    time 5.48    loss 0.2033 acc 0.3824
Training: iter   1080    time 5.50    loss 0.0805 acc 0.5882
Training: iter   1081    time 5.51    loss 0.1601 acc 0.0294
Training: iter   1082    time 36.95    loss 0.1620 acc 0.0294
Training: iter   1083    time 5.52    loss 0.1295 acc 0.0000
Training: iter   1084    time 5.54    loss 0.0581 acc 0.9706
Training: iter   1085    time 5.53    loss 0.0465 acc 0.9706
Training: iter   1086    time 5.58    loss 0.0761 acc 0.7941
Training: iter   1087    time 5.61    loss 0.0337 acc 1.0000
Training: iter   1088    time 5.55    loss 0.0871 acc 0.5882
Training: iter   1089    time 39.10    loss 0.1121 acc 0.3235
Training: iter   1090    time 5.51    loss 0.0557 acc 0.7941
Training: iter   1091    time 5.47    loss 0.0640 acc 0.9412
Training: iter   1092    time 5.50    loss 0.1092 acc 0.5294
Training: iter   1093    time 5.54    loss 0.0887 acc 0.3824
Training: iter   1094    time 37.08    loss 0.0609 acc 0.9706
Training: iter   1095    time 5.60    loss 0.0803 acc 0.5000
Training: iter   1096    time 5.60    loss 0.0112 acc 1.0000
Training: iter   1097    time 5.57    loss 0.0112 acc 1.0000
Training: iter   1098    time 5.56    loss 0.0843 acc 0.6765
Training: iter   1099    time 5.46    loss 0.0839 acc 0.5882
Training: iter   1100    time 35.68    loss 0.0878 acc 0.5588
Training: iter   1101    time 181.08    loss 0.1455 acc 0.0882
Training: iter   1102    time 5.60    loss 0.0108 acc 1.0000
Training: iter   1103    time 5.57    loss 0.0649 acc 0.7353
Training: iter   1104    time 5.57    loss 0.0139 acc 1.0000
Training: iter   1105    time 5.57    loss 0.0921 acc 0.6176
Training: iter   1106    time 5.54    loss 0.0970 acc 0.5882
Training: iter   1107    time 5.56    loss 0.2140 acc 0.0294
Training: iter   1108    time 5.53    loss 0.2093 acc 0.0588
Training: iter   1109    time 5.59    loss 0.0931 acc 0.5882
Training: iter   1110    time 5.57    loss 0.1512 acc 0.4412
Training: iter   1111    time 5.52    loss 0.1958 acc 0.2059
Training: iter   1112    time 5.49    loss 0.0299 acc 1.0000
Training: iter   1113    time 5.47    loss 0.0238 acc 1.0000
Training: iter   1114    time 5.46    loss 0.0981 acc 0.4706
Training: iter   1115    time 36.38    loss 0.0967 acc 0.5000
Training: iter   1116    time 5.61    loss 0.1099 acc 0.6176
Training: iter   1117    time 5.57    loss 0.1018 acc 0.0000
Training: iter   1118    time 5.55    loss 0.1241 acc 0.3235
Training: iter   1119    time 5.55    loss 0.0935 acc 0.6471
Training: iter   1120    time 5.51    loss 0.0812 acc 0.6765
Training: iter   1121    time 37.07    loss 0.1137 acc 0.3824
Training: iter   1122    time 5.46    loss 0.1113 acc 0.5000
Training: iter   1123    time 5.44    loss 0.0904 acc 0.7353
Training: iter   1124    time 5.41    loss 0.0444 acc 1.0000
Training: iter   1125    time 5.39    loss 0.1643 acc 0.0588
Training: iter   1126    time 5.39    loss 0.0775 acc 0.7941
Training: iter   1127    time 5.35    loss 0.1188 acc 0.1471
Training: iter   1128    time 39.29    loss 0.1053 acc 0.3235
Training: iter   1129    time 5.32    loss 0.1003 acc 0.6176
Training: iter   1130    time 5.32    loss 0.0508 acc 1.0000
Training: iter   1131    time 5.32    loss 0.0848 acc 0.6765
Training: iter   1132    time 5.28    loss 0.0871 acc 0.8235
Training: iter   1133    time 37.19    loss 0.0538 acc 1.0000
Training: iter   1134    time 5.30    loss 0.0712 acc 0.9118
Training: iter   1135    time 5.31    loss 0.0580 acc 0.9706
Training: iter   1136    time 5.27    loss 0.0766 acc 0.8235
Training: iter   1137    time 5.19    loss 0.1306 acc 0.0882
Training: iter   1138    time 5.32    loss 0.0466 acc 0.9706
Training: iter   1139    time 5.32    loss 0.0158 acc 1.0000
Training: iter   1140    time 37.20    loss 0.0483 acc 0.8824
Training: iter   1141    time 5.29    loss 0.0283 acc 1.0000
Training: iter   1142    time 5.31    loss 0.0625 acc 0.7647
Training: iter   1143    time 5.29    loss 0.0639 acc 0.8529
Training: iter   1144    time 5.28    loss 0.0194 acc 1.0000
Training: iter   1145    time 36.77    loss 0.0899 acc 0.5000
Training: iter   1146    time 5.35    loss 0.1632 acc 0.2647
Training: iter   1147    time 5.30    loss 0.1405 acc 0.0588
Training: iter   1148    time 5.33    loss 0.1028 acc 0.6471
Training: iter   1149    time 5.28    loss 0.0180 acc 1.0000
Training: iter   1150    time 35.07    loss 0.1222 acc 0.2059
Training: iter   1151    time 5.29    loss 0.0974 acc 0.6176
Training: iter   1152    time 5.30    loss 0.0403 acc 1.0000
Training: iter   1153    time 72.50    loss 0.1470 acc 0.2353
Training: iter   1154    time 125.53    loss 0.1438 acc 0.3529
Training: iter   1155    time 123.94    loss 0.0220 acc 1.0000
Training: iter   1156    time 297.42    loss 0.0273 acc 1.0000
Training: iter   1157    time 185.92    loss 0.0198 acc 1.0000
Training: iter   1158    time 335.55    loss 0.0937 acc 0.4118
Training: iter   1159    time 155.75    loss 0.0589 acc 0.8235
Training: iter   1160    time 186.70    loss 0.1298 acc 1.0000
Training: iter   1161    time 66.73    loss 0.0471 acc 0.9118
Training: iter   1162    time 187.03    loss 0.1295 acc 1.0000
Training: iter   1163    time 214.41    loss 0.0131 acc 1.0000
Training: iter   1164    time 308.79    loss 0.1648 acc 0.3824
Training: iter   1165    time 60.74    loss 0.1507 acc 0.2647
Training: iter   1166    time 186.92    loss 0.1298 acc 0.0000
Training: iter   1167    time 247.18    loss 0.0353 acc 0.8529
Training: iter   1168    time 305.81    loss 0.1321 acc 0.0000
Training: iter   1169    time 192.70    loss 0.1159 acc 0.3824
Training: iter   1170    time 92.12    loss 0.0094 acc 1.0000
Training: iter   1171    time 187.39    loss 0.1051 acc 0.2941
Training: iter   1172    time 185.55    loss 0.0260 acc 1.0000
Training: iter   1173    time 273.97    loss 0.0797 acc 0.7647
Training: iter   1174    time 216.18    loss 0.0724 acc 0.8824
Training: iter   1175    time 237.73    loss 0.1001 acc 0.5882
Training: iter   1176    time 186.94    loss 0.2399 acc 0.0294
Training: iter   1177    time 248.02    loss 0.1215 acc 0.4706
Training: iter   1178    time 365.51    loss 0.0121 acc 1.0000
Training: iter   1179    time 193.85    loss 0.1281 acc 0.0294
Training: iter   1180    time 280.67    loss 0.1262 acc 0.1176
Training: iter   1181    time 186.75    loss 0.0146 acc 1.0000
Training: iter   1182    time 366.55    loss 0.1297 acc 0.0000
Training: iter   1183    time 132.26    loss 0.1749 acc 0.0000
Training: iter   1184    time 257.36    loss 0.1576 acc 0.1176
Training: iter   1185    time 186.31    loss 0.0289 acc 1.0000
Training: iter   1186    time 216.51    loss 0.0468 acc 1.0000
Training: iter   1187    time 305.87    loss 0.0667 acc 0.8824
Training: iter   1188    time 152.65    loss 0.0689 acc 0.7941
Training: iter   1189    time 124.55    loss 0.1245 acc 0.1471
Training: iter   1190    time 124.85    loss 0.1369 acc 0.2353
Training: iter   1191    time 125.21    loss 0.1301 acc 0.3824
Training: iter   1192    time 184.61    loss 0.0480 acc 1.0000
Training: iter   1193    time 243.77    loss 0.0829 acc 0.6765
Training: iter   1194    time 70.95    loss 0.1087 acc 0.5000
Training: iter   1195    time 125.22    loss 0.0505 acc 1.0000
Training: iter   1196    time 185.40    loss 0.1208 acc 0.2353
Training: iter   1197    time 154.59    loss 0.0862 acc 0.5588
Training: iter   1198    time 124.72    loss 0.0471 acc 1.0000
Training: iter   1199    time 180.93    loss 0.0825 acc 0.5588
Training: iter   1200    time 197.47    loss 0.1230 acc 0.1176
Training: iter   1201    time 59.44    loss 0.0963 acc 0.5294
Training: iter   1202    time 185.75    loss 0.0775 acc 0.7647
Training: iter   1203    time 187.33    loss 0.1223 acc 0.2941
Training: iter   1204    time 216.15    loss 0.0456 acc 1.0000
Training: iter   1205    time 336.21    loss 0.0791 acc 0.8529
Training: iter   1206    time 48.35    loss 0.1038 acc 0.3824
Training: iter   1207    time 186.98    loss 0.0760 acc 0.8235
Training: iter   1208    time 185.29    loss 0.0918 acc 0.5588
Training: iter   1209    time 247.25    loss 0.1089 acc 0.5588
Training: iter   1210    time 305.68    loss 0.1091 acc 0.5588
Training: iter   1211    time 71.56    loss 0.1599 acc 0.0588
Training: iter   1212    time 186.87    loss 0.1153 acc 0.4118
Training: iter   1213    time 247.02    loss 0.1055 acc 0.5000
Training: iter   1214    time 185.53    loss 0.1297 acc 0.0000
Training: iter   1215    time 245.41    loss 0.0314 acc 1.0000
Training: iter   1216    time 125.51    loss 0.0945 acc 0.6176
Training: iter   1217    time 155.95    loss 0.0652 acc 0.9118
Training: iter   1218    time 186.34    loss 0.1056 acc 0.4706
Training: iter   1219    time 185.33    loss 0.1400 acc 0.2353
Training: iter   1220    time 305.73    loss 0.0221 acc 1.0000
Training: iter   1221    time 215.94    loss 0.0889 acc 0.5588
Training: iter   1222    time 187.24    loss 0.0878 acc 0.5588
Training: iter   1223    time 246.48    loss 0.1359 acc 0.1471
Training: iter   1224    time 275.47    loss 0.0808 acc 0.8235
Training: iter   1225    time 246.46    loss 0.1077 acc 0.5588
Training: iter   1226    time 186.46    loss 0.0871 acc 0.5000
Training: iter   1227    time 185.56    loss 0.0899 acc 0.4706
Training: iter   1228    time 186.11    loss 0.1296 acc 1.0000
Training: iter   1229    time 367.21    loss 0.1283 acc 0.2353
Training: iter   1230    time 186.12    loss 0.1008 acc 0.5588
Training: iter   1231    time 187.68    loss 0.0419 acc 0.9412
Training: iter   1232    time 185.88    loss 0.1140 acc 0.2941
Training: iter   1233    time 305.94    loss 0.1546 acc 0.2941
Training: iter   1234    time 185.79    loss 0.2121 acc 0.0882
Training: iter   1235    time 184.83    loss 0.1727 acc 0.3529
Training: iter   1236    time 124.83    loss 0.1230 acc 0.3235
Training: iter   1237    time 125.21    loss 0.1019 acc 0.6471
Training: iter   1238    time 274.30    loss 0.0712 acc 0.7941
Training: iter   1239    time 215.54    loss 0.0379 acc 1.0000
Training: iter   1240    time 185.77    loss 0.0706 acc 0.9118
Training: iter   1241    time 185.64    loss 0.0317 acc 1.0000
Training: iter   1242    time 185.58    loss 0.0951 acc 0.7353
Training: iter   1243    time 274.99    loss 0.0856 acc 0.5588
Training: iter   1244    time 214.69    loss 0.1155 acc 0.2941
Training: iter   1245    time 185.51    loss 0.0978 acc 0.6471
Training: iter   1246    time 155.31    loss 0.0246 acc 1.0000
Training: iter   1247    time 125.72    loss 0.1412 acc 0.1471
Training: iter   1248    time 125.64    loss 0.1153 acc 0.1176
Training: iter   1249    time 243.94    loss 0.2295 acc 0.4412
Training: iter   1250    time 184.66    loss 0.0264 acc 1.0000
Training: iter   1251    time 125.05    loss 0.0845 acc 0.7647
Training: iter   1252    time 154.48    loss 0.0888 acc 0.6471
Training: iter   1253    time 124.36    loss 0.1299 acc 0.5000
Training: iter   1254    time 274.43    loss 0.0587 acc 0.9706
Training: iter   1255    time 215.33    loss 0.1004 acc 0.5294
Training: iter   1256    time 124.63    loss 0.1136 acc 0.0294
Training: iter   1257    time 125.28    loss 0.0841 acc 0.9706
Training: iter   1258    time 185.21    loss 0.0339 acc 0.9706
Training: iter   1259    time 185.42    loss 0.0849 acc 0.5294
Training: iter   1260    time 304.24    loss 0.1247 acc 0.1765
Training: iter   1261    time 186.03    loss 0.0932 acc 0.7647
Training: iter   1262    time 247.43    loss 0.0580 acc 0.9412
Training: iter   1263    time 186.06    loss 0.0701 acc 0.7941
Training: iter   1264    time 366.84    loss 0.0977 acc 0.5588
Training: iter   1265    time 216.33    loss 0.1093 acc 0.3235
Training: iter   1266    time 186.61    loss 0.0716 acc 0.7941
Training: iter   1267    time 247.07    loss 0.1324 acc 0.1176
Training: iter   1268    time 366.09    loss 0.0830 acc 0.5588
Training: iter   1269    time 186.01    loss 0.0948 acc 0.6176
Training: iter   1270    time 247.90    loss 0.0668 acc 0.8529
Training: iter   1271    time 186.80    loss 0.1650 acc 0.4412
Training: iter   1272    time 185.48    loss 0.0912 acc 0.5000
Training: iter   1273    time 365.20    loss 0.1308 acc 0.5294
Training: iter   1274    time 125.47    loss 0.0469 acc 0.9412
Training: iter   1275    time 187.01    loss 0.1067 acc 0.5588
Training: iter   1276    time 247.64    loss 0.0382 acc 0.9706
Training: iter   1277    time 304.96    loss 0.1284 acc 0.0588
Training: iter   1278    time 246.14    loss 0.0608 acc 0.8529
Training: iter   1279    time 186.44    loss 0.0507 acc 0.9412
Training: iter   1280    time 247.20    loss 0.0213 acc 1.0000
Training: iter   1281    time 366.55    loss 0.1798 acc 0.2647
Training: iter   1282    time 186.12    loss 0.0165 acc 1.0000
Training: iter   1283    time 216.97    loss 0.0905 acc 0.4706
Training: iter   1284    time 125.66    loss 0.0400 acc 1.0000
Training: iter   1285    time 186.75    loss 0.0662 acc 0.7941
Training: iter   1286    time 150.53    loss 0.1620 acc 0.3529
Training: iter   1287    time 276.85    loss 0.0923 acc 0.5882
Training: iter   1288    time 185.34    loss 0.1718 acc 0.2941
Training: iter   1289    time 187.13    loss 0.0180 acc 1.0000
Training: iter   1290    time 185.40    loss 0.1003 acc 0.3529
Training: iter   1291    time 365.16    loss 0.1386 acc 0.2647
Training: iter   1292    time 246.47    loss 0.0936 acc 0.6176
Training: iter   1293    time 186.19    loss 0.1180 acc 0.0882
Training: iter   1294    time 183.56    loss 0.0681 acc 0.7941
Training: iter   1295    time 185.44    loss 0.0916 acc 0.5882
Training: iter   1296    time 215.51    loss 0.1259 acc 0.1471
Training: iter   1297    time 185.33    loss 0.1295 acc 0.0000
Training: iter   1298    time 185.43    loss 0.1295 acc 0.0000
Training: iter   1299    time 184.52    loss 0.1014 acc 0.3529
Training: iter   1300    time 154.53    loss 0.0640 acc 0.8824
Training: iter   1301    time 215.37    loss 0.0682 acc 0.8529
Training: iter   1302    time 185.01    loss 0.0252 acc 1.0000
Training: iter   1303    time 243.77    loss 0.0285 acc 1.0000
Training: iter   1304    time 185.78    loss 0.0565 acc 0.9412
Training: iter   1305    time 124.92    loss 0.0907 acc 0.4706
